<?xml version="1.0" encoding="UTF-8"?>
<testsuite xmlns:xsi="http://www.w3.org/2001/XMLSchema-instance" xsi:schemaLocation="https://maven.apache.org/surefire/maven-surefire-plugin/xsd/surefire-test-report.xsd" name="TestSuite" time="38.035" tests="2" errors="0" skipped="0" failures="0">
  <properties>
[...]
</properties>
  <testcase name="CariObat" classname="org.ryanchair.testCase.CariObatTestCase" time="2.316"/>
  <testcase name="cariDokter" classname="org.ryanchair.testCase.CariDokterTestCase" time="0.179"/>
</testsuite>