<?xml version="1.0" encoding="UTF-8"?>
<testng-results skipped="0" failed="0" ignored="0" total="2" passed="2">
  <reporter-output>
  </reporter-output>
  <suite name="Halodoc" duration-ms="35915" started-at="2020-07-12T09:20:22Z" finished-at="2020-07-12T09:20:58Z">
    <groups>
    </groups>
    <test name="Cari Obat" duration-ms="20375" started-at="2020-07-12T09:20:22Z" finished-at="2020-07-12T09:20:42Z">
      <class name="org.ryanchair.testCase.CariObatTestCase">
        <test-method status="PASS" signature="LaunchBrowser(org.testng.ITestContext)[pri:0, instance:org.ryanchair.testCase.CariObatTestCase@17776a8]" name="LaunchBrowser" is-config="true" duration-ms="16264" started-at="2020-07-12T16:20:22Z" finished-at="2020-07-12T16:20:38Z">
          <params>
            <param index="0">
              <value>
                <![CDATA[org.testng.TestRunner@971d0d8]]>
              </value>
            </param>
          </params>
          <reporter-output>
          </reporter-output>
        </test-method> <!-- LaunchBrowser -->
        <test-method status="PASS" signature="CariObat()[pri:0, instance:org.ryanchair.testCase.CariObatTestCase@17776a8]" name="CariObat" duration-ms="2314" started-at="2020-07-12T16:20:38Z" description="Cari Obat" finished-at="2020-07-12T16:20:40Z">
          <reporter-output>
          </reporter-output>
        </test-method> <!-- CariObat -->
        <test-method status="PASS" signature="TerminateBrowser()[pri:0, instance:org.ryanchair.testCase.CariObatTestCase@17776a8]" name="TerminateBrowser" is-config="true" duration-ms="1587" started-at="2020-07-12T16:20:41Z" finished-at="2020-07-12T16:20:42Z">
          <reporter-output>
          </reporter-output>
        </test-method> <!-- TerminateBrowser -->
      </class> <!-- org.ryanchair.testCase.CariObatTestCase -->
    </test> <!-- Cari Obat -->
    <test name="Cari Dokter" duration-ms="15508" started-at="2020-07-12T09:20:42Z" finished-at="2020-07-12T09:20:58Z">
      <class name="org.ryanchair.testCase.CariDokterTestCase">
        <test-method status="PASS" signature="LaunchBrowser(org.testng.ITestContext)[pri:0, instance:org.ryanchair.testCase.CariDokterTestCase@37574691]" name="LaunchBrowser" is-config="true" duration-ms="14532" started-at="2020-07-12T16:20:42Z" finished-at="2020-07-12T16:20:57Z">
          <params>
            <param index="0">
              <value>
                <![CDATA[org.testng.TestRunner@51931956]]>
              </value>
            </param>
          </params>
          <reporter-output>
          </reporter-output>
        </test-method> <!-- LaunchBrowser -->
        <test-method status="PASS" signature="cariDokter()[pri:0, instance:org.ryanchair.testCase.CariDokterTestCase@37574691]" name="cariDokter" duration-ms="178" started-at="2020-07-12T16:20:57Z" description="Cari Dokter" finished-at="2020-07-12T16:20:57Z">
          <reporter-output>
          </reporter-output>
        </test-method> <!-- cariDokter -->
        <test-method status="PASS" signature="TerminateBrowser()[pri:0, instance:org.ryanchair.testCase.CariDokterTestCase@37574691]" name="TerminateBrowser" is-config="true" duration-ms="794" started-at="2020-07-12T16:20:57Z" finished-at="2020-07-12T16:20:58Z">
          <reporter-output>
          </reporter-output>
        </test-method> <!-- TerminateBrowser -->
      </class> <!-- org.ryanchair.testCase.CariDokterTestCase -->
    </test> <!-- Cari Dokter -->
  </suite> <!-- Halodoc -->
</testng-results>
